# JRE version: OpenJDK Runtime Environment (8.0_222-b10) (build 1.8.0_222-b10)
# Java VM: OpenJDK 64-Bit Server VM (25.222-b10 mixed mode bsd-amd64 compressed oops)
Heap:
 PSYoungGen      total 408064K, used 132968K [0x0000000715580000, 0x0000000736780000, 0x00000007c0000000)
  eden space 383488K, 34% used [0x0000000715580000,0x000000071d75a028,0x000000072cc00000)
  from space 24576K, 0% used [0x000000072cc00000,0x000000072cc00000,0x000000072e400000)
  to   space 28672K, 0% used [0x0000000734b80000,0x0000000734b80000,0x0000000736780000)
 ParOldGen       total 467456K, used 47552K [0x00000005c0000000, 0x00000005dc880000, 0x0000000715580000)
  object space 467456K, 10% used [0x00000005c0000000,0x00000005c2e702f0,0x00000005dc880000)
 Metaspace       used 62398K, capacity 63330K, committed 63616K, reserved 1103872K
  class space    used 7997K, capacity 8230K, committed 8320K, reserved 1048576K
GC Heap History (10 events):
Event: 4.350 GC heap before
{Heap before GC invocations=8 (full 2):
 PSYoungGen      total 284672K, used 18402K [0x0000000715580000, 0x0000000729280000, 0x00000007c0000000)
  eden space 266240K, 0% used [0x0000000715580000,0x0000000715580000,0x0000000725980000)
  from space 18432K, 99% used [0x0000000726f00000,0x00000007280f8b28,0x0000000728100000)
  to   space 22016K, 0% used [0x0000000725980000,0x0000000725980000,0x0000000726f00000)
 ParOldGen       total 213504K, used 12148K [0x00000005c0000000, 0x00000005cd080000, 0x0000000715580000)
  object space 213504K, 5% used [0x00000005c0000000,0x00000005c0bdd2a0,0x00000005cd080000)
 Metaspace       used 34809K, capacity 35264K, committed 35496K, reserved 1081344K
  class space    used 4397K, capacity 4535K, committed 4608K, reserved 1048576K
Event: 4.407 GC heap after
Heap after GC invocations=8 (full 2):
 PSYoungGen      total 284672K, used 0K [0x0000000715580000, 0x0000000729280000, 0x00000007c0000000)
  eden space 266240K, 0% used [0x0000000715580000,0x0000000715580000,0x0000000725980000)
  from space 18432K, 0% used [0x0000000726f00000,0x0000000726f00000,0x0000000728100000)
  to   space 22016K, 0% used [0x0000000725980000,0x0000000725980000,0x0000000726f00000)
 ParOldGen       total 334848K, used 25730K [0x00000005c0000000, 0x00000005d4700000, 0x0000000715580000)
  object space 334848K, 7% used [0x00000005c0000000,0x00000005c1920868,0x00000005d4700000)
 Metaspace       used 34809K, capacity 35264K, committed 35496K, reserved 1081344K
  class space    used 4397K, capacity 4535K, committed 4608K, reserved 1048576K
}
Event: 6.471 GC heap before
{Heap before GC invocations=9 (full 2):
 PSYoungGen      total 284672K, used 266240K [0x0000000715580000, 0x0000000729280000, 0x00000007c0000000)
  eden space 266240K, 100% used [0x0000000715580000,0x0000000725980000,0x0000000725980000)
  from space 18432K, 0% used [0x0000000726f00000,0x0000000726f00000,0x0000000728100000)
  to   space 22016K, 0% used [0x0000000725980000,0x0000000725980000,0x0000000726f00000)
 ParOldGen       total 334848K, used 25730K [0x00000005c0000000, 0x00000005d4700000, 0x0000000715580000)
  object space 334848K, 7% used [0x00000005c0000000,0x00000005c1920868,0x00000005d4700000)
 Metaspace       used 49499K, capacity 50074K, committed 50560K, reserved 1093632K
  class space    used 6259K, capacity 6431K, committed 6528K, reserved 1048576K
Event: 6.486 GC heap after
Heap after GC invocations=9 (full 2):
 PSYoungGen      total 288256K, used 19168K [0x0000000715580000, 0x000000072fb00000, 0x00000007c0000000)
  eden space 266240K, 0% used [0x0000000715580000,0x0000000715580000,0x0000000725980000)
  from space 22016K, 87% used [0x0000000725980000,0x0000000726c382c0,0x0000000726f00000)
  to   space 23552K, 0% used [0x000000072e400000,0x000000072e400000,0x000000072fb00000)
 ParOldGen       total 334848K, used 25738K [0x00000005c0000000, 0x00000005d4700000, 0x0000000715580000)
  object space 334848K, 7% used [0x00000005c0000000,0x00000005c1922868,0x00000005d4700000)
 Metaspace       used 49499K, capacity 50074K, committed 50560K, reserved 1093632K
  class space    used 6259K, capacity 6431K, committed 6528K, reserved 1048576K
}
Event: 7.507 GC heap before
{Heap before GC invocations=10 (full 2):
 PSYoungGen      total 288256K, used 285408K [0x0000000715580000, 0x000000072fb00000, 0x00000007c0000000)
  eden space 266240K, 100% used [0x0000000715580000,0x0000000725980000,0x0000000725980000)
  from space 22016K, 87% used [0x0000000725980000,0x0000000726c382c0,0x0000000726f00000)
  to   space 23552K, 0% used [0x000000072e400000,0x000000072e400000,0x000000072fb00000)
 ParOldGen       total 334848K, used 25738K [0x00000005c0000000, 0x00000005d4700000, 0x0000000715580000)
  object space 334848K, 7% used [0x00000005c0000000,0x00000005c1922868,0x00000005d4700000)
 Metaspace       used 51856K, capacity 52550K, committed 52864K, reserved 1095680K
  class space    used 6559K, capacity 6753K, committed 6784K, reserved 1048576K
Event: 7.522 GC heap after
Heap after GC invocations=10 (full 2):
 PSYoungGen      total 407040K, used 18356K [0x0000000715580000, 0x000000072fc80000, 0x00000007c0000000)
  eden space 383488K, 0% used [0x0000000715580000,0x0000000715580000,0x000000072cc00000)
  from space 23552K, 77% used [0x000000072e400000,0x000000072f5ed158,0x000000072fb00000)
  to   space 24576K, 0% used [0x000000072cc00000,0x000000072cc00000,0x000000072e400000)
 ParOldGen       total 334848K, used 25746K [0x00000005c0000000, 0x00000005d4700000, 0x0000000715580000)
  object space 334848K, 7% used [0x00000005c0000000,0x00000005c1924868,0x00000005d4700000)
 Metaspace       used 51856K, capacity 52550K, committed 52864K, reserved 1095680K
  class space    used 6559K, capacity 6753K, committed 6784K, reserved 1048576K
}
Event: 8.868 GC heap before
{Heap before GC invocations=11 (full 2):
 PSYoungGen      total 407040K, used 325794K [0x0000000715580000, 0x000000072fc80000, 0x00000007c0000000)
  eden space 383488K, 80% used [0x0000000715580000,0x00000007281bb6e0,0x000000072cc00000)
  from space 23552K, 77% used [0x000000072e400000,0x000000072f5ed158,0x000000072fb00000)
  to   space 24576K, 0% used [0x000000072cc00000,0x000000072cc00000,0x000000072e400000)
 ParOldGen       total 334848K, used 25746K [0x00000005c0000000, 0x00000005d4700000, 0x0000000715580000)
  object space 334848K, 7% used [0x00000005c0000000,0x00000005c1924868,0x00000005d4700000)
 Metaspace       used 58095K, capacity 58932K, committed 59136K, reserved 1101824K
  class space    used 7463K, capacity 7663K, committed 7680K, reserved 1048576K
Event: 8.888 GC heap after
Heap after GC invocations=11 (full 2):
 PSYoungGen      total 408064K, used 24571K [0x0000000715580000, 0x0000000736780000, 0x00000007c0000000)
  eden space 383488K, 0% used [0x0000000715580000,0x0000000715580000,0x000000072cc00000)
  from space 24576K, 99% used [0x000000072cc00000,0x000000072e3fedd0,0x000000072e400000)
  to   space 28672K, 0% used [0x0000000734b80000,0x0000000734b80000,0x0000000736780000)
 ParOldGen       total 334848K, used 29078K [0x00000005c0000000, 0x00000005d4700000, 0x0000000715580000)
  object space 334848K, 8% used [0x00000005c0000000,0x00000005c1c65b98,0x00000005d4700000)
 Metaspace       used 58095K, capacity 58932K, committed 59136K, reserved 1101824K
  class space    used 7463K, capacity 7663K, committed 7680K, reserved 1048576K
}
Event: 8.889 GC heap before
{Heap before GC invocations=12 (full 3):
 PSYoungGen      total 408064K, used 24571K [0x0000000715580000, 0x0000000736780000, 0x00000007c0000000)
  eden space 383488K, 0% used [0x0000000715580000,0x0000000715580000,0x000000072cc00000)
  from space 24576K, 99% used [0x000000072cc00000,0x000000072e3fedd0,0x000000072e400000)
  to   space 28672K, 0% used [0x0000000734b80000,0x0000000734b80000,0x0000000736780000)
 ParOldGen       total 334848K, used 29078K [0x00000005c0000000, 0x00000005d4700000, 0x0000000715580000)
  object space 334848K, 8% used [0x00000005c0000000,0x00000005c1c65b98,0x00000005d4700000)
 Metaspace       used 58095K, capacity 58932K, committed 59136K, reserved 1101824K
  class space    used 7463K, capacity 7663K, committed 7680K, reserved 1048576K
Event: 9.012 GC heap after
Heap after GC invocations=12 (full 3):
 PSYoungGen      total 408064K, used 0K [0x0000000715580000, 0x0000000736780000, 0x00000007c0000000)
  eden space 383488K, 0% used [0x0000000715580000,0x0000000715580000,0x000000072cc00000)
  from space 24576K, 0% used [0x000000072cc00000,0x000000072cc00000,0x000000072e400000)
  to   space 28672K, 0% used [0x0000000734b80000,0x0000000734b80000,0x0000000736780000)
 ParOldGen       total 467456K, used 47552K [0x00000005c0000000, 0x00000005dc880000, 0x0000000715580000)
  object space 467456K, 10% used [0x00000005c0000000,0x00000005c2e702f0,0x00000005dc880000)
 Metaspace       used 58095K, capacity 58932K, committed 59136K, reserved 1101824K
  class space    used 7463K, capacity 7663K, committed 7680K, reserved 1048576K
}

